<?xml version="1.0" encoding="UTF-8"?>
<!-- Generated by org.testng.reporters.JUnitReportReporter -->
<testsuite hostname="DESKTOP-LLLGMOJ" failures="0" tests="1" name="runner.TestRunner" time="7.935" errors="0" timestamp="15 May 2023 16:34:01 GMT">
  <testcase classname="runner.TestRunner" name="runScenario" time="7.935"/>
</testsuite> <!-- runner.TestRunner -->
